{
  "RSpec": {
    "coverage": {
      "/Users/ellieaston/Projects/tech-tests/gilded_rose_ruby/spec/gilded_rose_spec.rb": [
        1,
        1,
        null,
        1,
        null,
        null,
        6,
        6,
        6,
        6,
        6,
        null,
        6,
        null,
        6,
        null,
        1,
        null,
        1,
        null,
        1,
        1,
        1,
        1,
        null,
        null,
        1,
        1,
        1,
        1,
        null,
        null,
        1,
        1,
        1,
        1,
        null,
        null,
        1,
        1,
        1,
        1,
        null,
        null,
        1,
        1,
        1,
        1,
        null,
        null,
        null,
        null,
        null,
        null,
        null
      ],
      "/Users/ellieaston/Projects/tech-tests/gilded_rose_ruby/lib/gilded_rose.rb": [
        1,
        null,
        1,
        null,
        1,
        5,
        null,
        null,
        1,
        5,
        25,
        5,
        5,
        5,
        null,
        null,
        null,
        20,
        20,
        20,
        15,
        15,
        15,
        null,
        null,
        15,
        10,
        10,
        null,
        null,
        null,
        null,
        null,
        25,
        25,
        null,
        25,
        5,
        5,
        0,
        0,
        0,
        null,
        null,
        null,
        5,
        null,
        null,
        0,
        0,
        null,
        null,
        null,
        null,
        null,
        null
      ],
      "/Users/ellieaston/Projects/tech-tests/gilded_rose_ruby/lib/item.rb": [
        1,
        1,
        null,
        1,
        26,
        26,
        26,
        null,
        null,
        1,
        0,
        null,
        null
      ],
      "/Users/ellieaston/Projects/tech-tests/gilded_rose_ruby/spec/item_spec.rb": [
        1,
        null,
        1,
        null,
        1,
        1,
        1,
        null,
        null,
        null
      ]
    },
    "timestamp": 1576695122
  }
}
